Change Component Physical Designator: Old Designator=? New Designator=1
Change Component Physical Designator: Old Designator=D? New Designator=D13
Change Component Physical Designator: Old Designator=FB? New Designator=FB1
Change Component Physical Designator: Old Designator=FB? New Designator=FB2
Change Component Physical Designator: Old Designator=FB? New Designator=FB3
Change Component Physical Designator: Old Designator=FB? New Designator=FB4
Change Component Physical Designator: Old Designator=FB? New Designator=FB5
Change Component Physical Designator: Old Designator=FL? New Designator=FL1
Change Component Physical Designator: Old Designator=FL? New Designator=FL2
Change Component Physical Designator: Old Designator=FL? New Designator=FL3
Change Component Physical Designator: Old Designator=FL? New Designator=FL4
Change Component Physical Designator: Old Designator=IC? New Designator=IC1
Change Component Physical Designator: Old Designator=IC? New Designator=IC2
Change Component Physical Designator: Old Designator=IC? New Designator=IC3
Change Component Physical Designator: Old Designator=M? New Designator=M1
Change Component Physical Designator: Old Designator=M? New Designator=M2
Change Component Physical Designator: Old Designator=M? New Designator=M3
Change Component Physical Designator: Old Designator=M? New Designator=M4
Change Component Physical Designator: Old Designator=M? New Designator=M5
Change Component Physical Designator: Old Designator=M? New Designator=M6
Change Component Physical Designator: Old Designator=P? New Designator=P1
Change Component Physical Designator: Old Designator=P? New Designator=P2
Change Component Physical Designator: Old Designator=P? New Designator=P3
Change Component Physical Designator: Old Designator=P? New Designator=P4
Change Component Physical Designator: Old Designator=P? New Designator=P5
Change Component Physical Designator: Old Designator=P? New Designator=P6
Change Component Physical Designator: Old Designator=P? New Designator=P7
Change Component Physical Designator: Old Designator=PUSB? New Designator=PUSB1
Change Component Physical Designator: Old Designator=R? New Designator=R14
Change Component Physical Designator: Old Designator=RA? New Designator=RA1
Change Component Physical Designator: Old Designator=RA? New Designator=RA6
Change Component Physical Designator: Old Designator=SCRW? New Designator=SCRW1
Change Component Physical Designator: Old Designator=SCRW? New Designator=SCRW2
Change Component Physical Designator: Old Designator=SCRW? New Designator=SCRW3
Change Component Physical Designator: Old Designator=SCRW? New Designator=SCRW4
Change Component Physical Designator: Old Designator=SCRW? New Designator=SCRW5
Change Component Physical Designator: Old Designator=SCRW? New Designator=SCRW6
Change Component Physical Designator: Old Designator=SW? New Designator=SW1
Change Component Physical Designator: Old Designator=TP? New Designator=TP1
Change Component Physical Designator: Old Designator=TP? New Designator=TP2
Change Component Physical Designator: Old Designator=TP? New Designator=TP3
Change Component Physical Designator: Old Designator=TP? New Designator=TP4
Change Component Physical Designator: Old Designator=U? New Designator=U1
Change Component Physical Designator: Old Designator=U? New Designator=U2
Change Component Physical Designator: Old Designator=U? New Designator=U3
Change Component Physical Designator: Old Designator=U? New Designator=U4
Change Component Physical Designator: Old Designator=U? New Designator=U5
Change Component Physical Designator: Old Designator=U? New Designator=U6
Change Component Physical Designator: Old Designator=U? New Designator=U7
Change Component Physical Designator: Old Designator=U? New Designator=U8
Change Component Physical Designator: Old Designator=U? New Designator=U9
Change Component Physical Designator: Old Designator=U? New Designator=U10
Change Component Physical Designator: Old Designator=U? New Designator=U11
Change Component Physical Designator: Old Designator=U? New Designator=U12
Change Component Physical Designator: Old Designator=U? New Designator=U13
Change Component Physical Designator: Old Designator=U? New Designator=U14
Change Component Physical Designator: Old Designator=U? New Designator=U15
Change Component Physical Designator: Old Designator=U? New Designator=U16
Change Component Physical Designator: Old Designator=X? New Designator=X1
Change Component Physical Designator: Old Designator=X? New Designator=X2
Change Component Physical Designator: Old Designator=X? New Designator=X3
Change Component Physical Designator: Old Designator=X? New Designator=X4
Change Component Physical Designator: Old Designator=X? New Designator=X5
Change Component Physical Designator: Old Designator=Y? New Designator=Y1
