Change Component Physical Designator: Old Designator=C1 New Designator=C4
Change Component Physical Designator: Old Designator=C2 New Designator=C5
Change Component Physical Designator: Old Designator=C3 New Designator=C6
Change Component Physical Designator: Old Designator=C4 New Designator=C7
Change Component Physical Designator: Old Designator=C5 New Designator=C8
Change Component Physical Designator: Old Designator=C6 New Designator=C13
Change Component Physical Designator: Old Designator=C7 New Designator=C14
Change Component Physical Designator: Old Designator=C8 New Designator=C9
Change Component Physical Designator: Old Designator=C9 New Designator=C10
Change Component Physical Designator: Old Designator=C10 New Designator=C11
Change Component Physical Designator: Old Designator=C11 New Designator=C12
Change Component Physical Designator: Old Designator=C16 New Designator=C15
Change Component Physical Designator: Old Designator=C17 New Designator=C16
Change Component Physical Designator: Old Designator=C18 New Designator=C1
Change Component Physical Designator: Old Designator=C19 New Designator=C2
Change Component Physical Designator: Old Designator=C20 New Designator=C3
Change Component Physical Designator: Old Designator=C29 New Designator=C17
Change Component Physical Designator: Old Designator=C32 New Designator=C18
Change Component Physical Designator: Old Designator=C33 New Designator=C19
Change Component Physical Designator: Old Designator=C34 New Designator=C20
Change Component Physical Designator: Old Designator=C35 New Designator=C21
Change Component Physical Designator: Old Designator=C36 New Designator=C22
Change Component Physical Designator: Old Designator=C37 New Designator=C23
Change Component Physical Designator: Old Designator=C38 New Designator=C24
Change Component Physical Designator: Old Designator=C39 New Designator=C25
Change Component Physical Designator: Old Designator=C40 New Designator=C26
Change Component Physical Designator: Old Designator=C41 New Designator=C27
Change Component Physical Designator: Old Designator=C42 New Designator=C28
Change Component Physical Designator: Old Designator=C43 New Designator=C29
Change Component Physical Designator: Old Designator=C44 New Designator=C30
Change Component Physical Designator: Old Designator=C45 New Designator=C31
Change Component Physical Designator: Old Designator=C46 New Designator=C32
Change Component Physical Designator: Old Designator=C47 New Designator=C33
Change Component Physical Designator: Old Designator=C48 New Designator=C34
Change Component Physical Designator: Old Designator=C49 New Designator=C35
Change Component Physical Designator: Old Designator=C50 New Designator=C36
Change Component Physical Designator: Old Designator=C51 New Designator=C118
Change Component Physical Designator: Old Designator=C52 New Designator=C119
Change Component Physical Designator: Old Designator=C54 New Designator=C38
Change Component Physical Designator: Old Designator=C55 New Designator=C39
Change Component Physical Designator: Old Designator=C56 New Designator=C40
Change Component Physical Designator: Old Designator=C57 New Designator=C41
Change Component Physical Designator: Old Designator=C58 New Designator=C42
Change Component Physical Designator: Old Designator=C59 New Designator=C43
Change Component Physical Designator: Old Designator=C60 New Designator=C44
Change Component Physical Designator: Old Designator=C61 New Designator=C45
Change Component Physical Designator: Old Designator=C62 New Designator=C46
Change Component Physical Designator: Old Designator=C63 New Designator=C47
Change Component Physical Designator: Old Designator=C64 New Designator=C48
Change Component Physical Designator: Old Designator=C65 New Designator=C49
Change Component Physical Designator: Old Designator=C66 New Designator=C50
Change Component Physical Designator: Old Designator=C67 New Designator=C51
Change Component Physical Designator: Old Designator=C68 New Designator=C52
Change Component Physical Designator: Old Designator=C69 New Designator=C53
Change Component Physical Designator: Old Designator=C70 New Designator=C54
Change Component Physical Designator: Old Designator=C71 New Designator=C55
Change Component Physical Designator: Old Designator=C72 New Designator=C56
Change Component Physical Designator: Old Designator=C73 New Designator=C57
Change Component Physical Designator: Old Designator=C74 New Designator=C58
Change Component Physical Designator: Old Designator=C75 New Designator=C59
Change Component Physical Designator: Old Designator=C76 New Designator=C60
Change Component Physical Designator: Old Designator=C77 New Designator=C61
Change Component Physical Designator: Old Designator=C78 New Designator=C62
Change Component Physical Designator: Old Designator=C79 New Designator=C63
Change Component Physical Designator: Old Designator=C80 New Designator=C64
Change Component Physical Designator: Old Designator=C81 New Designator=C65
Change Component Physical Designator: Old Designator=C82 New Designator=C66
Change Component Physical Designator: Old Designator=C83 New Designator=C67
Change Component Physical Designator: Old Designator=C84 New Designator=C68
Change Component Physical Designator: Old Designator=C85 New Designator=C69
Change Component Physical Designator: Old Designator=C86 New Designator=C70
Change Component Physical Designator: Old Designator=C87 New Designator=C71
Change Component Physical Designator: Old Designator=C88 New Designator=C72
Change Component Physical Designator: Old Designator=C89 New Designator=C73
Change Component Physical Designator: Old Designator=C90 New Designator=C74
Change Component Physical Designator: Old Designator=C91 New Designator=C75
Change Component Physical Designator: Old Designator=C92 New Designator=C76
Change Component Physical Designator: Old Designator=C93 New Designator=C77
Change Component Physical Designator: Old Designator=C94 New Designator=C78
Change Component Physical Designator: Old Designator=C95 New Designator=C79
Change Component Physical Designator: Old Designator=C96 New Designator=C80
Change Component Physical Designator: Old Designator=C97 New Designator=C81
Change Component Physical Designator: Old Designator=C112 New Designator=C82
Change Component Physical Designator: Old Designator=C113 New Designator=C83
Change Component Physical Designator: Old Designator=C114 New Designator=C84
Change Component Physical Designator: Old Designator=C115 New Designator=C85
Change Component Physical Designator: Old Designator=C116 New Designator=C86
Change Component Physical Designator: Old Designator=C117 New Designator=C87
Change Component Physical Designator: Old Designator=C118 New Designator=C88
Change Component Physical Designator: Old Designator=C119 New Designator=C89
Change Component Physical Designator: Old Designator=C120 New Designator=C90
Change Component Physical Designator: Old Designator=C121 New Designator=C91
Change Component Physical Designator: Old Designator=C122 New Designator=C92
Change Component Physical Designator: Old Designator=C123 New Designator=C93
Change Component Physical Designator: Old Designator=C124 New Designator=C94
Change Component Physical Designator: Old Designator=C125 New Designator=C95
Change Component Physical Designator: Old Designator=C126 New Designator=C96
Change Component Physical Designator: Old Designator=C127 New Designator=C97
Change Component Physical Designator: Old Designator=C128 New Designator=C98
Change Component Physical Designator: Old Designator=C129 New Designator=C99
Change Component Physical Designator: Old Designator=C130 New Designator=C100
Change Component Physical Designator: Old Designator=C131 New Designator=C101
Change Component Physical Designator: Old Designator=C132 New Designator=C102
Change Component Physical Designator: Old Designator=C133 New Designator=C103
Change Component Physical Designator: Old Designator=C134 New Designator=C104
Change Component Physical Designator: Old Designator=C135 New Designator=C105
Change Component Physical Designator: Old Designator=C136 New Designator=C106
Change Component Physical Designator: Old Designator=C137 New Designator=C107
Change Component Physical Designator: Old Designator=C138 New Designator=C108
Change Component Physical Designator: Old Designator=C139 New Designator=C109
Change Component Physical Designator: Old Designator=C140 New Designator=C110
Change Component Physical Designator: Old Designator=C141 New Designator=C111
Change Component Physical Designator: Old Designator=C142 New Designator=C112
Change Component Physical Designator: Old Designator=C143 New Designator=C113
Change Component Physical Designator: Old Designator=C144 New Designator=C116
Change Component Physical Designator: Old Designator=C145 New Designator=C117
Change Component Physical Designator: Old Designator=D1 New Designator=D2
Change Component Physical Designator: Old Designator=D2 New Designator=D3
Change Component Physical Designator: Old Designator=D3 New Designator=D4
Change Component Physical Designator: Old Designator=D4 New Designator=D5
Change Component Physical Designator: Old Designator=D5 New Designator=D6
Change Component Physical Designator: Old Designator=D8 New Designator=D7
Change Component Physical Designator: Old Designator=D9 New Designator=D1
Change Component Physical Designator: Old Designator=D10 New Designator=D8
Change Component Physical Designator: Old Designator=D11 New Designator=D9
Change Component Physical Designator: Old Designator=D12 New Designator=D10
Change Component Physical Designator: Old Designator=D14 New Designator=D11
Change Component Physical Designator: Old Designator=D15 New Designator=D12
Change Component Physical Designator: Old Designator=D16 New Designator=D14
Change Component Physical Designator: Old Designator=IC6 New Designator=IC4
Change Component Physical Designator: Old Designator=IC7 New Designator=IC23
Change Component Physical Designator: Old Designator=IC8 New Designator=IC24
Change Component Physical Designator: Old Designator=IC11 New Designator=IC5
Change Component Physical Designator: Old Designator=IC12 New Designator=IC6
Change Component Physical Designator: Old Designator=IC16 New Designator=IC10
Change Component Physical Designator: Old Designator=IC17 New Designator=IC11
Change Component Physical Designator: Old Designator=IC18 New Designator=IC12
Change Component Physical Designator: Old Designator=IC19 New Designator=IC13
Change Component Physical Designator: Old Designator=IC20 New Designator=IC14
Change Component Physical Designator: Old Designator=IC21 New Designator=IC15
Change Component Physical Designator: Old Designator=IC23 New Designator=IC17
Change Component Physical Designator: Old Designator=IC24 New Designator=IC18
Change Component Physical Designator: Old Designator=IC25 New Designator=IC20
Change Component Physical Designator: Old Designator=IC26 New Designator=IC19
Change Component Physical Designator: Old Designator=IC27 New Designator=IC25
Change Component Physical Designator: Old Designator=IC28 New Designator=IC21
Change Component Physical Designator: Old Designator=IC29 New Designator=IC22
Change Component Physical Designator: Old Designator=J1 New Designator=J7
Change Component Physical Designator: Old Designator=J2 New Designator=J1
Change Component Physical Designator: Old Designator=J3 New Designator=J2
Change Component Physical Designator: Old Designator=J4 New Designator=J3
Change Component Physical Designator: Old Designator=J5 New Designator=J4
Change Component Physical Designator: Old Designator=J6 New Designator=J5
Change Component Physical Designator: Old Designator=J7 New Designator=J6
Change Component Physical Designator: Old Designator=J8 New Designator=J9
Change Component Physical Designator: Old Designator=J9 New Designator=J10
Change Component Physical Designator: Old Designator=L1 New Designator=L2
Change Component Physical Designator: Old Designator=L2 New Designator=L3
Change Component Physical Designator: Old Designator=L3 New Designator=L1
Change Component Physical Designator: Old Designator=R1 New Designator=R2
Change Component Physical Designator: Old Designator=R2 New Designator=R3
Change Component Physical Designator: Old Designator=R3 New Designator=R4
Change Component Physical Designator: Old Designator=R4 New Designator=R5
Change Component Physical Designator: Old Designator=R5 New Designator=R1
Change Component Physical Designator: Old Designator=R7 New Designator=R39
Change Component Physical Designator: Old Designator=R8 New Designator=R72
Change Component Physical Designator: Old Designator=R11 New Designator=R6
Change Component Physical Designator: Old Designator=R13 New Designator=R7
Change Component Physical Designator: Old Designator=R18 New Designator=R9
Change Component Physical Designator: Old Designator=R19 New Designator=R10
Change Component Physical Designator: Old Designator=R20 New Designator=R11
Change Component Physical Designator: Old Designator=R21 New Designator=R12
Change Component Physical Designator: Old Designator=R23 New Designator=R15
Change Component Physical Designator: Old Designator=R24 New Designator=R16
Change Component Physical Designator: Old Designator=R25 New Designator=R17
Change Component Physical Designator: Old Designator=R26 New Designator=R18
Change Component Physical Designator: Old Designator=R27 New Designator=R19
Change Component Physical Designator: Old Designator=R28 New Designator=R20
Change Component Physical Designator: Old Designator=R29 New Designator=R21
Change Component Physical Designator: Old Designator=R30 New Designator=R22
Change Component Physical Designator: Old Designator=R31 New Designator=R23
Change Component Physical Designator: Old Designator=R32 New Designator=R24
Change Component Physical Designator: Old Designator=R33 New Designator=R25
Change Component Physical Designator: Old Designator=R34 New Designator=R26
Change Component Physical Designator: Old Designator=R35 New Designator=R27
Change Component Physical Designator: Old Designator=R36 New Designator=R28
Change Component Physical Designator: Old Designator=R37 New Designator=R29
Change Component Physical Designator: Old Designator=R38 New Designator=R30
Change Component Physical Designator: Old Designator=R39 New Designator=R31
Change Component Physical Designator: Old Designator=R40 New Designator=R32
Change Component Physical Designator: Old Designator=R41 New Designator=R34
Change Component Physical Designator: Old Designator=R42 New Designator=R35
Change Component Physical Designator: Old Designator=R43 New Designator=R37
Change Component Physical Designator: Old Designator=R44 New Designator=R38
Change Component Physical Designator: Old Designator=R47 New Designator=R75
Change Component Physical Designator: Old Designator=R48 New Designator=R40
Change Component Physical Designator: Old Designator=R49 New Designator=R41
Change Component Physical Designator: Old Designator=R50 New Designator=R42
Change Component Physical Designator: Old Designator=R51 New Designator=R43
Change Component Physical Designator: Old Designator=R52 New Designator=R44
Change Component Physical Designator: Old Designator=R53 New Designator=R45
Change Component Physical Designator: Old Designator=R54 New Designator=R46
Change Component Physical Designator: Old Designator=R55 New Designator=R47
Change Component Physical Designator: Old Designator=R56 New Designator=R48
Change Component Physical Designator: Old Designator=R57 New Designator=R49
Change Component Physical Designator: Old Designator=R58 New Designator=R50
Change Component Physical Designator: Old Designator=R59 New Designator=R51
Change Component Physical Designator: Old Designator=R60 New Designator=R76
Change Component Physical Designator: Old Designator=R61 New Designator=R77
Change Component Physical Designator: Old Designator=R62 New Designator=R52
Change Component Physical Designator: Old Designator=R63 New Designator=R53
Change Component Physical Designator: Old Designator=R64 New Designator=R54
Change Component Physical Designator: Old Designator=R65 New Designator=R55
Change Component Physical Designator: Old Designator=R66 New Designator=R56
Change Component Physical Designator: Old Designator=R67 New Designator=R57
Change Component Physical Designator: Old Designator=R68 New Designator=R58
Change Component Physical Designator: Old Designator=R69 New Designator=R59
Change Component Physical Designator: Old Designator=R70 New Designator=R60
Change Component Physical Designator: Old Designator=R71 New Designator=R78
Change Component Physical Designator: Old Designator=R72 New Designator=R79
Change Component Physical Designator: Old Designator=R73 New Designator=R61
Change Component Physical Designator: Old Designator=R74 New Designator=R62
Change Component Physical Designator: Old Designator=R75 New Designator=R80
Change Component Physical Designator: Old Designator=R76 New Designator=R81
Change Component Physical Designator: Old Designator=R77 New Designator=R63
Change Component Physical Designator: Old Designator=R78 New Designator=R64
Change Component Physical Designator: Old Designator=R79 New Designator=R65
Change Component Physical Designator: Old Designator=R80 New Designator=R66
Change Component Physical Designator: Old Designator=R81 New Designator=R67
Change Component Physical Designator: Old Designator=R82 New Designator=R68
Change Component Physical Designator: Old Designator=R83 New Designator=R82
Change Component Physical Designator: Old Designator=R84 New Designator=R69
Change Component Physical Designator: Old Designator=R85 New Designator=R70
Change Component Physical Designator: Old Designator=R86 New Designator=R71
Change Component Physical Designator: Old Designator=RA2 New Designator=RA3
Change Component Physical Designator: Old Designator=RA3 New Designator=RA15
Change Component Physical Designator: Old Designator=RA4 New Designator=RA2
Change Component Physical Designator: Old Designator=RA5 New Designator=RA4
Change Component Physical Designator: Old Designator=RA7 New Designator=RA16
Change Component Physical Designator: Old Designator=RA8 New Designator=RA5
Change Component Physical Designator: Old Designator=RA9 New Designator=RA7
Change Component Physical Designator: Old Designator=RA10 New Designator=RA8
Change Component Physical Designator: Old Designator=RA11 New Designator=RA9
Change Component Physical Designator: Old Designator=RA12 New Designator=RA10
Change Component Physical Designator: Old Designator=RA13 New Designator=RA11
Change Component Physical Designator: Old Designator=RA14 New Designator=RA12
Change Component Physical Designator: Old Designator=RA15 New Designator=RA13
Change Component Physical Designator: Old Designator=RA16 New Designator=RA14
