Change Component Physical Designator: Old Designator=C12 New Designator=C?
Change Component Physical Designator: Old Designator=C13 New Designator=C?
Change Component Physical Designator: Old Designator=C14 New Designator=C?
Change Component Physical Designator: Old Designator=C15 New Designator=C?
Change Component Physical Designator: Old Designator=C21 New Designator=C?
Change Component Physical Designator: Old Designator=C22 New Designator=C?
Change Component Physical Designator: Old Designator=C23 New Designator=C?
Change Component Physical Designator: Old Designator=C24 New Designator=C?
Change Component Physical Designator: Old Designator=C25 New Designator=C?
Change Component Physical Designator: Old Designator=C26 New Designator=C?
Change Component Physical Designator: Old Designator=C27 New Designator=C?
Change Component Physical Designator: Old Designator=C28 New Designator=C?
Change Component Physical Designator: Old Designator=C30 New Designator=C?
Change Component Physical Designator: Old Designator=C31 New Designator=C?
Change Component Physical Designator: Old Designator=C53 New Designator=C?
Change Component Physical Designator: Old Designator=C98 New Designator=C?
Change Component Physical Designator: Old Designator=C99 New Designator=C?
Change Component Physical Designator: Old Designator=C100 New Designator=C?
Change Component Physical Designator: Old Designator=C101 New Designator=C?
Change Component Physical Designator: Old Designator=C102 New Designator=C?
Change Component Physical Designator: Old Designator=C103 New Designator=C?
Change Component Physical Designator: Old Designator=C104 New Designator=C?
Change Component Physical Designator: Old Designator=C105 New Designator=C?
Change Component Physical Designator: Old Designator=C106 New Designator=C?
Change Component Physical Designator: Old Designator=C107 New Designator=C?
Change Component Physical Designator: Old Designator=C108 New Designator=C?
Change Component Physical Designator: Old Designator=C109 New Designator=C?
Change Component Physical Designator: Old Designator=C110 New Designator=C?
Change Component Physical Designator: Old Designator=C111 New Designator=C?
Change Component Physical Designator: Old Designator=C146 New Designator=C?
Change Component Physical Designator: Old Designator=C147 New Designator=C?
Change Component Physical Designator: Old Designator=C148 New Designator=C?
Change Component Physical Designator: Old Designator=C149 New Designator=C?
Change Component Physical Designator: Old Designator=C150 New Designator=C?
Change Component Physical Designator: Old Designator=C151 New Designator=C?
Change Component Physical Designator: Old Designator=C152 New Designator=C?
Change Component Physical Designator: Old Designator=C153 New Designator=C?
Change Component Physical Designator: Old Designator=C154 New Designator=C?
Change Component Physical Designator: Old Designator=C155 New Designator=C?
Change Component Physical Designator: Old Designator=C156 New Designator=C?
Change Component Physical Designator: Old Designator=C157 New Designator=C?
Change Component Physical Designator: Old Designator=C158 New Designator=C?
Change Component Physical Designator: Old Designator=C159 New Designator=C?
Change Component Physical Designator: Old Designator=C160 New Designator=C?
Change Component Physical Designator: Old Designator=D6 New Designator=D?
Change Component Physical Designator: Old Designator=D7 New Designator=D?
Change Component Physical Designator: Old Designator=IC4 New Designator=IC?
Change Component Physical Designator: Old Designator=IC5 New Designator=IC?
Change Component Physical Designator: Old Designator=IC9 New Designator=IC?
Change Component Physical Designator: Old Designator=IC10 New Designator=IC?
Change Component Physical Designator: Old Designator=IC22 New Designator=IC?
Change Component Physical Designator: Old Designator=JP1 New Designator=JP?
Change Component Physical Designator: Old Designator=JP2 New Designator=JP?
Change Component Physical Designator: Old Designator=JP3 New Designator=JP?
Change Component Physical Designator: Old Designator=JP4 New Designator=JP?
Change Component Physical Designator: Old Designator=JP5 New Designator=JP?
Change Component Physical Designator: Old Designator=JP6 New Designator=JP?
Change Component Physical Designator: Old Designator=JP7 New Designator=JP?
Change Component Physical Designator: Old Designator=P8 New Designator=P?
Change Component Physical Designator: Old Designator=P9 New Designator=P?
Change Component Physical Designator: Old Designator=R6 New Designator=R?
Change Component Physical Designator: Old Designator=R9 New Designator=R?
Change Component Physical Designator: Old Designator=R10 New Designator=R?
Change Component Physical Designator: Old Designator=R12 New Designator=R?
Change Component Physical Designator: Old Designator=R15 New Designator=R?
Change Component Physical Designator: Old Designator=R16 New Designator=R?
Change Component Physical Designator: Old Designator=R17 New Designator=R?
Change Component Physical Designator: Old Designator=R22 New Designator=R?
Change Component Physical Designator: Old Designator=R45 New Designator=R?
Change Component Physical Designator: Old Designator=R46 New Designator=R?
Change Component Physical Designator: Old Designator=R87 New Designator=R?
Change Component Physical Designator: Old Designator=R88 New Designator=R?
Change Component Physical Designator: Old Designator=R89 New Designator=R?
Change Component Physical Designator: Old Designator=R90 New Designator=R?
Change Component Physical Designator: Old Designator=R91 New Designator=R?
Change Component Physical Designator: Old Designator=SW2 New Designator=SW?
Change Component Physical Designator: Old Designator=U17 New Designator=U?
Change Component Physical Designator: Old Designator=U18 New Designator=U?
