Change Component Designator: Old Designator=C26 New Designator=C?
Change Component Designator: Old Designator=C35 New Designator=C?
Change Component Designator: Old Designator=C114 New Designator=C?
Change Component Designator: Old Designator=C115 New Designator=C?
Change Component Designator: Old Designator=C116 New Designator=C?
Change Component Designator: Old Designator=C117 New Designator=C?
Change Component Designator: Old Designator=C118 New Designator=C?
Change Component Designator: Old Designator=C119 New Designator=C?
Change Component Designator: Old Designator=C120 New Designator=C?
Change Component Designator: Old Designator=C121 New Designator=C?
Change Component Designator: Old Designator=C122 New Designator=C?
Change Component Designator: Old Designator=C123 New Designator=C?
Change Component Designator: Old Designator=C124 New Designator=C?
Change Component Designator: Old Designator=C125 New Designator=C?
Change Component Designator: Old Designator=C126 New Designator=C?
Change Component Designator: Old Designator=C127 New Designator=C?
Change Component Designator: Old Designator=D8 New Designator=D?
Change Component Designator: Old Designator=D10 New Designator=D?
Change Component Designator: Old Designator=D13 New Designator=D?
Change Component Designator: Old Designator=FB3 New Designator=FB?
Change Component Designator: Old Designator=FB4 New Designator=FB?
Change Component Designator: Old Designator=R18 New Designator=R?
Change Component Designator: Old Designator=R26 New Designator=R?
Change Component Designator: Old Designator=R29 New Designator=R?
Change Component Designator: Old Designator=R40 New Designator=R?
Change Component Designator: Old Designator=R42 New Designator=R?
Change Component Designator: Old Designator=R43 New Designator=R?
Change Component Designator: Old Designator=R46 New Designator=R?
Change Component Designator: Old Designator=R48 New Designator=R?
Change Component Designator: Old Designator=R52 New Designator=R?
Change Component Designator: Old Designator=R57 New Designator=R?
Change Component Designator: Old Designator=R59 New Designator=R?
Change Component Designator: Old Designator=R67 New Designator=R?
Change Component Designator: Old Designator=U13 New Designator=U?
Change Component Designator: Old Designator=U15 New Designator=U?
Change Component Designator: Old Designator=X1 New Designator=X?
