Change Component Designator: Old Designator=C2 New Designator=C8
Change Component Designator: Old Designator=C3 New Designator=C10
Change Component Designator: Old Designator=C4 New Designator=C101
Change Component Designator: Old Designator=C5 New Designator=C4
Change Component Designator: Old Designator=C6 New Designator=C1
Change Component Designator: Old Designator=C7 New Designator=C3
Change Component Designator: Old Designator=C8 New Designator=C2
Change Component Designator: Old Designator=C9 New Designator=C107
Change Component Designator: Old Designator=C10 New Designator=C106
Change Component Designator: Old Designator=C11 New Designator=C105
Change Component Designator: Old Designator=C12 New Designator=C104
Change Component Designator: Old Designator=C13 New Designator=C38
Change Component Designator: Old Designator=C14 New Designator=C46
Change Component Designator: Old Designator=C15 New Designator=C9
Change Component Designator: Old Designator=C16 New Designator=C18
Change Component Designator: Old Designator=C17 New Designator=C15
Change Component Designator: Old Designator=D1 New Designator=D5
Change Component Designator: Old Designator=D2 New Designator=D4
Change Component Designator: Old Designator=D4 New Designator=D7
Change Component Designator: Old Designator=D5 New Designator=D1
Change Component Designator: Old Designator=D6 New Designator=D2
Change Component Designator: Old Designator=D7 New Designator=D6
Change Component Designator: Old Designator=D8 New Designator=D9
Change Component Designator: Old Designator=IC1 New Designator=IC2
Change Component Designator: Old Designator=IC2 New Designator=IC1
Change Component Designator: Old Designator=IC3 New Designator=IC10
Change Component Designator: Old Designator=IC4 New Designator=IC5
Change Component Designator: Old Designator=IC5 New Designator=IC18
Change Component Designator: Old Designator=IC6 New Designator=IC12
Change Component Designator: Old Designator=L1 New Designator=L3
Change Component Designator: Old Designator=R1 New Designator=R35
Change Component Designator: Old Designator=R2 New Designator=R12
Change Component Designator: Old Designator=R3 New Designator=R11
Change Component Designator: Old Designator=R4 New Designator=R1
Change Component Designator: Old Designator=U1 New Designator=U3
