Change Component Designator: Old Designator=C1 New Designator=C?
Change Component Designator: Old Designator=C2 New Designator=C?
Change Component Designator: Old Designator=C3 New Designator=C?
Change Component Designator: Old Designator=C4 New Designator=C?
Change Component Designator: Old Designator=C8 New Designator=C?
Change Component Designator: Old Designator=C9 New Designator=C?
Change Component Designator: Old Designator=C10 New Designator=C?
Change Component Designator: Old Designator=C15 New Designator=C?
Change Component Designator: Old Designator=C18 New Designator=C?
Change Component Designator: Old Designator=C38 New Designator=C?
Change Component Designator: Old Designator=C46 New Designator=C?
Change Component Designator: Old Designator=C101 New Designator=C?
Change Component Designator: Old Designator=C104 New Designator=C?
Change Component Designator: Old Designator=C105 New Designator=C?
Change Component Designator: Old Designator=C106 New Designator=C?
Change Component Designator: Old Designator=C107 New Designator=C?
Change Component Designator: Old Designator=D1 New Designator=D?
Change Component Designator: Old Designator=D2 New Designator=D?
Change Component Designator: Old Designator=D3 New Designator=D?
Change Component Designator: Old Designator=D4 New Designator=D?
Change Component Designator: Old Designator=D5 New Designator=D?
Change Component Designator: Old Designator=D6 New Designator=D?
Change Component Designator: Old Designator=D7 New Designator=D?
Change Component Designator: Old Designator=D9 New Designator=D?
Change Component Designator: Old Designator=IC1 New Designator=IC?
Change Component Designator: Old Designator=IC2 New Designator=IC?
Change Component Designator: Old Designator=IC5 New Designator=IC?
Change Component Designator: Old Designator=IC10 New Designator=IC?
Change Component Designator: Old Designator=IC12 New Designator=IC?
Change Component Designator: Old Designator=IC18 New Designator=IC?
Change Component Designator: Old Designator=L2 New Designator=L?
Change Component Designator: Old Designator=L3 New Designator=L?
Change Component Designator: Old Designator=R1 New Designator=R?
Change Component Designator: Old Designator=R11 New Designator=R?
Change Component Designator: Old Designator=R12 New Designator=R?
Change Component Designator: Old Designator=R35 New Designator=R?
Change Component Designator: Old Designator=U2 New Designator=U?
Change Component Designator: Old Designator=U3 New Designator=U?
