Change Component Designator: Old Designator=C32 New Designator=C70
Change Component Designator: Old Designator=C33 New Designator=C72
Change Component Designator: Old Designator=C34 New Designator=C76
Change Component Designator: Old Designator=C35 New Designator=C80
Change Component Designator: Old Designator=C36 New Designator=C84
Change Component Designator: Old Designator=C37 New Designator=C85
Change Component Designator: Old Designator=C38 New Designator=C96
Change Component Designator: Old Designator=C39 New Designator=C90
Change Component Designator: Old Designator=C40 New Designator=C89
Change Component Designator: Old Designator=C41 New Designator=C82
Change Component Designator: Old Designator=C42 New Designator=C67
Change Component Designator: Old Designator=C43 New Designator=C71
Change Component Designator: Old Designator=C44 New Designator=C73
Change Component Designator: Old Designator=C45 New Designator=C78
Change Component Designator: Old Designator=C46 New Designator=C28
Change Component Designator: Old Designator=C47 New Designator=C33
Change Component Designator: Old Designator=C48 New Designator=C42
Change Component Designator: Old Designator=C49 New Designator=C50
Change Component Designator: Old Designator=C50 New Designator=C7
Change Component Designator: Old Designator=C51 New Designator=C14
Change Component Designator: Old Designator=C52 New Designator=C109
Change Component Designator: Old Designator=C53 New Designator=C103
Change Component Designator: Old Designator=P6 New Designator=P2
Change Component Designator: Old Designator=R18 New Designator=R49
Change Component Designator: Old Designator=R19 New Designator=R50
Change Component Designator: Old Designator=R20 New Designator=R54
Change Component Designator: Old Designator=R21 New Designator=R41
Change Component Designator: Old Designator=R22 New Designator=R37
Change Component Designator: Old Designator=U3 New Designator=U1
Change Component Designator: Old Designator=X1 New Designator=X4
