Removed Pin From Net: NetName=Current_Measurement_3_in- Pin=R3-1
Removed Pin From Net: NetName=Current_Measurement_3_in- Pin=R26-2
Change Component Comment : Designator=C6 Old Comment=10uF New Comment=0.22uF
Change component parameters: Designator = "C6" ("C6"); Footprint = "C_TN_3528"; UniqueID = "\RNLDONRS" ("\RNLDONRS")
Change component parameters (AddParameter): Name = "ASSEMBLY"; Value = ""; VariantName = "[No Variations]"
Change component parameters (AddParameter): Name = "DESC"; Value = ""; VariantName = "[No Variations]"
Change component parameters (AddParameter): Name = "DIST#"; Value = ""; VariantName = "[No Variations]"
Change component parameters (AddParameter): Name = "MANF"; Value = ""; VariantName = "[No Variations]"
Change component parameters (AddParameter): Name = "MANF_P#"; Value = ""; VariantName = "[No Variations]"
Change component parameters (AddParameter): Name = "PARAM"; Value = ""; VariantName = "[No Variations]"
Change component parameters (AddParameter): Name = "PARAM2"; Value = "-V"; VariantName = "[No Variations]"
Change component parameters (AddParameter): Name = "PRICE"; Value = ""; VariantName = "[No Variations]"
Change component parameters (AddParameter): Name = "VALUE"; Value = "0.22uF"; VariantName = "[No Variations]"
Added Pin To Net: NetName=Current_Measurement_3_in- Pin=D4-1
Added Pin To Net: NetName=Current_Measurement_3_in- Pin=IC1-3
Added Pin To Net: NetName=Current_Measurement_3_in- Pin=R3-2
Added Pin To Net: NetName=Current_Measurement_3_in- Pin=R28-1
Change Net Name : Old Net Name=Current_Measurement_3_in- New Net Name=Current_Measurement_3_in+
Added Pin To Net: NetName=Current_Measurement_3_in- Pin=R3-1
Added Pin To Net: NetName=Current_Measurement_3_in- Pin=R26-2
Added Net: Name=Current_Measurement_3_in-
