Removed Pin From Net: NetName=GND_ISO Pin=IC?2-7
Removed Pin From Net: NetName=Current_Measurement_2_in- Pin=IC?2-14
Removed Member From Class: ClassName=FT2232HL_IN Member=C10
Removed Member From Class: ClassName=FT2232HL_OUT Member=C33
Removed Member From Class: ClassName=BIT(Built in Test) Member=C47
Removed Member From Class: ClassName=MCU 1 Member=C51
Removed Member From Class: ClassName=FT2232HL_IN Member=C54
Removed Member From Class: ClassName=FT2232HL_OUT Member=C59
Removed Member From Class: ClassName=USB HUB Member=C61
Removed Member From Class: ClassName=BIT(Built in Test) Member=C67
Removed Member From Class: ClassName=RS232 Member=C67
Removed Member From Class: ClassName=USB HUB Member=C67
Removed Member From Class: ClassName=USB HUB Member=C69
Removed Member From Class: ClassName=Main Power Member=C70
Removed Member From Class: ClassName=Power Switch Member=C73
Removed Member From Class: ClassName=FT2232HL_OUT Member=C74
Removed Member From Class: ClassName=RS232 Member=C74
Removed Member From Class: ClassName=Main Power Member=C78
Removed Member From Class: ClassName=MCU 1 Member=C78
Removed Member From Class: ClassName=RS485 Member=C78
Removed Member From Class: ClassName=Isolators Member=C84
Removed Member From Class: ClassName=RS485 Member=C86
Removed Member From Class: ClassName=MCU 1 Member=C88
Removed Member From Class: ClassName=RS232 Member=C88
Removed Member From Class: ClassName=RS485 Member=C90
Removed Member From Class: ClassName=USB HUB Member=C96
Removed Member From Class: ClassName=Isolators Member=C100
Removed Member From Class: ClassName=RS232 Member=C100
Removed Member From Class: ClassName=Main Power Member=C103
Removed Member From Class: ClassName=Main Power Member=C104
Removed Member From Class: ClassName=USB HUB Member=C108
Removed Member From Class: ClassName=USB HUB Member=C109
Removed Member From Class: ClassName=AUX Power Member=C116
Removed Member From Class: ClassName=Audio Codec Member=C?2
Removed Member From Class: ClassName=Main Power Member=C?2
Removed Member From Class: ClassName=MCU 1 Member=C?2
Removed Member From Class: ClassName=Power Switch Member=C?2
Removed Member From Class: ClassName=SD CARD  Member=C?2
Removed Member From Class: ClassName=FT2232HL_OUT Member=D2
Removed Member From Class: ClassName=FT2232HL_IN Member=D3
Removed Member From Class: ClassName=FT2232HL_OUT Member=D9
Removed Member From Class: ClassName=RS485 Member=FB5
Removed Member From Class: ClassName=Level Shifting Member=IC5
Removed Member From Class: ClassName=Main Power Member=IC5
Removed Member From Class: ClassName=RS485 Member=IC10
Removed Member From Class: ClassName=Level Shifting Member=IC12
Removed Member From Class: ClassName=Mode Switch Member=IC12
Removed Member From Class: ClassName=Audio Codec Member=IC?1
Removed Member From Class: ClassName=Display  Member=IC?1
Removed Member From Class: ClassName=Power Switch Member=IC?1
Removed Member From Class: ClassName=Audio Codec Member=JP?3
Removed Member From Class: ClassName=MCU 1 Member=JP?3
Removed Member From Class: ClassName=MCU Sup Member=JP?3
Removed Member From Class: ClassName=RS232 Member=JP?3
Removed Member From Class: ClassName=RS485 Member=JP?3
Removed Member From Class: ClassName=MCU 1 Member=P7
Removed Member From Class: ClassName=MCU Sup Member=P?1
Removed Member From Class: ClassName=Sync In Member=R9
Removed Member From Class: ClassName=FT2232HL_OUT Member=R12
Removed Member From Class: ClassName=Main Power Member=R12
Removed Member From Class: ClassName=Power Switch Member=R32
Removed Member From Class: ClassName=USB HUB Member=R32
Removed Member From Class: ClassName=BIT(Built in Test) Member=R42
Removed Member From Class: ClassName=USB HUB Member=R44
Removed Member From Class: ClassName=USB_TTL Member=R60
Removed Member From Class: ClassName=AUX Power Member=R62
Removed Member From Class: ClassName=FT2232HL_IN Member=R62
Removed Member From Class: ClassName=BIT(Built in Test) Member=R64
Removed Member From Class: ClassName=RS232 Member=R65
Removed Member From Class: ClassName=FT2232HL_OUT Member=R69
Removed Member From Class: ClassName=RS485 Member=R69
Removed Member From Class: ClassName=USB HUB Member=R69
Removed Member From Class: ClassName=FT2232HL_OUT Member=R70
Removed Member From Class: ClassName=Main Power Member=R70
Removed Member From Class: ClassName=USB HUB Member=R70
Removed Member From Class: ClassName=MCU 1 Member=R?1
Removed Member From Class: ClassName=MCU Sup Member=R?1
Removed Member From Class: ClassName=Power Switch Member=R?1
Removed Member From Class: ClassName=SD CARD  Member=R?1
Removed Member From Class: ClassName=MCU 1 Member=U4
Removed Member From Class: ClassName=Main Power Member=U10
Removed Member From Class: ClassName=FT2232HL_IN Member=U16
Removed Member From Class: ClassName=FT2232HL_OUT Member=U16
Removed Member From Class: ClassName=MCU Sup Member=U?1
Removed Member From Class: ClassName=FT2232HL_OUT Member=X2
Change Component Designator: OldDesignator=C1 NewDesignator=C116
Change Component Designator: OldDesignator=C2 NewDesignator=C3
Change Component Designator: OldDesignator=C3 NewDesignator=C117
Change Component Designator: OldDesignator=C4 NewDesignator=C2
Change Component Designator: OldDesignator=C5 NewDesignator=C1
Change Component Designator: OldDesignator=C6 NewDesignator=C17
Change Component Designator: OldDesignator=C7 NewDesignator=C91
Change Component Designator: OldDesignator=C8 NewDesignator=C103
Change Component Designator: OldDesignator=C9 NewDesignator=C50
Change Component Designator: OldDesignator=C10 NewDesignator=C15
Change Component Designator: OldDesignator=C11 NewDesignator=C92
Change Component Designator: OldDesignator=C12 NewDesignator=C72
Change Component Designator: OldDesignator=C13 NewDesignator=C51
Change Component Designator: OldDesignator=C14 NewDesignator=C78
Change Component Designator: OldDesignator=C15 NewDesignator=C104
Change Component Designator: OldDesignator=C17 NewDesignator=C73
Change Component Designator: OldDesignator=C18 NewDesignator=C79
Change Component Designator: OldDesignator=C19 NewDesignator=C93
Change Component Designator: OldDesignator=C20 NewDesignator=C105
Change Component Designator: OldDesignator=C21 NewDesignator=C65
Change Component Designator: OldDesignator=C22 NewDesignator=C113
Change Component Designator: OldDesignator=C23 NewDesignator=C70
Change Component Designator: OldDesignator=C24 NewDesignator=C46
Change Component Designator: OldDesignator=C25 NewDesignator=C64
Change Component Designator: OldDesignator=C26 NewDesignator=C94
Change Component Designator: OldDesignator=C27 NewDesignator=C106
Change Component Designator: OldDesignator=C28 NewDesignator=C47
Change Component Designator: OldDesignator=C29 NewDesignator=C71
Change Component Designator: OldDesignator=C30 NewDesignator=C112
Change Component Designator: OldDesignator=C31 NewDesignator=C80
Change Component Designator: OldDesignator=C32 NewDesignator=C63
Change Component Designator: OldDesignator=C33 NewDesignator=C13
Change Component Designator: OldDesignator=C34 NewDesignator=C95
Change Component Designator: OldDesignator=C35 NewDesignator=C107
Change Component Designator: OldDesignator=C36 NewDesignator=C48
Change Component Designator: OldDesignator=C37 NewDesignator=C81
Change Component Designator: OldDesignator=C38 NewDesignator=C111
Change Component Designator: OldDesignator=C39 NewDesignator=C60
Change Component Designator: OldDesignator=C40 NewDesignator=C14
Change Component Designator: OldDesignator=C41 NewDesignator=C96
Change Component Designator: OldDesignator=C42 NewDesignator=C108
Change Component Designator: OldDesignator=C43 NewDesignator=C49
Change Component Designator: OldDesignator=C44 NewDesignator=C68
Change Component Designator: OldDesignator=C45 NewDesignator=C62
Change Component Designator: OldDesignator=C46 NewDesignator=C109
Change Component Designator: OldDesignator=C47 NewDesignator=C97
Change Component Designator: OldDesignator=C48 NewDesignator=C69
Change Component Designator: OldDesignator=C49 NewDesignator=C61
Change Component Designator: OldDesignator=C50 NewDesignator=C66
Change Component Designator: OldDesignator=C51 NewDesignator=C110
Change Component Designator: OldDesignator=C52 NewDesignator=C76
Change Component Designator: OldDesignator=C53 NewDesignator=C67
Change Component Designator: OldDesignator=C54 NewDesignator=C77
Change Component Designator: OldDesignator=C55 NewDesignator=C42
Change Component Designator: OldDesignator=C56 NewDesignator=C90
Change Component Designator: OldDesignator=C57 NewDesignator=C102
Change Component Designator: OldDesignator=C58 NewDesignator=C43
Change Component Designator: OldDesignator=C59 NewDesignator=C44
Change Component Designator: OldDesignator=C60 NewDesignator=C89
Change Component Designator: OldDesignator=C61 NewDesignator=C101
Change Component Designator: OldDesignator=C62 NewDesignator=C74
Change Component Designator: OldDesignator=C63 NewDesignator=C45
Change Component Designator: OldDesignator=C64 NewDesignator=C88
Change Component Designator: OldDesignator=C65 NewDesignator=C75
Change Component Designator: OldDesignator=C66 NewDesignator=C41
Change Component Designator: OldDesignator=C67 NewDesignator=C87
Change Component Designator: OldDesignator=C68 NewDesignator=C86
Change Component Designator: OldDesignator=C69 NewDesignator=C21
Change Component Designator: OldDesignator=C70 NewDesignator=C85
Change Component Designator: OldDesignator=C71 NewDesignator=C40
Change Component Designator: OldDesignator=C72 NewDesignator=C39
Change Component Designator: OldDesignator=C73 NewDesignator=C99
Change Component Designator: OldDesignator=C74 NewDesignator=C20
Change Component Designator: OldDesignator=C75 NewDesignator=C100
Change Component Designator: OldDesignator=C76 NewDesignator=C19
Change Component Designator: OldDesignator=C77 NewDesignator=C98
Change Component Designator: OldDesignator=C78 NewDesignator=C38
Change Component Designator: OldDesignator=C79 NewDesignator=C18
Change Component Designator: OldDesignator=C80 NewDesignator=C83
Change Component Designator: OldDesignator=C81 NewDesignator=C84
Change Component Designator: OldDesignator=C83 NewDesignator=C4
Change Component Designator: OldDesignator=C84 NewDesignator=C7
Change Component Designator: OldDesignator=C85 NewDesignator=C5
Change Component Designator: OldDesignator=C86 NewDesignator=C6
Change Component Designator: OldDesignator=C87 NewDesignator=C8
Change Component Designator: OldDesignator=C88 NewDesignator=C56
Change Component Designator: OldDesignator=C89 NewDesignator=C53
Change Component Designator: OldDesignator=C90 NewDesignator=C12
Change Component Designator: OldDesignator=C91 NewDesignator=C11
Change Component Designator: OldDesignator=C92 NewDesignator=C10
Change Component Designator: OldDesignator=C93 NewDesignator=C9
Change Component Designator: OldDesignator=C94 NewDesignator=C54
Change Component Designator: OldDesignator=C95 NewDesignator=C52
Change Component Designator: OldDesignator=C96 NewDesignator=C57
Change Component Designator: OldDesignator=C97 NewDesignator=C55
Change Component Designator: OldDesignator=C98 NewDesignator=C59
Change Component Designator: OldDesignator=C99 NewDesignator=C58
Change Component Designator: OldDesignator=C100 NewDesignator=C26
Change Component Designator: OldDesignator=C101 NewDesignator=C25
Change Component Designator: OldDesignator=C102 NewDesignator=C33
Change Component Designator: OldDesignator=C103 NewDesignator=C34
Change Component Designator: OldDesignator=C104 NewDesignator=C22
Change Component Designator: OldDesignator=C105 NewDesignator=C29
Change Component Designator: OldDesignator=C106 NewDesignator=C32
Change Component Designator: OldDesignator=C107 NewDesignator=C31
Change Component Designator: OldDesignator=C108 NewDesignator=C30
Change Component Designator: OldDesignator=C109 NewDesignator=C118
Change Component Designator: OldDesignator=C110 NewDesignator=C119
Change Component Designator: OldDesignator=C111 NewDesignator=C27
Change Component Designator: OldDesignator=C112 NewDesignator=C28
Change Component Designator: OldDesignator=C113 NewDesignator=C23
Change Component Designator: OldDesignator=C114 NewDesignator=C35
Change Component Designator: OldDesignator=C115 NewDesignator=C24
Change Component Designator: OldDesignator=C116 NewDesignator=C36
Change Component Designator: OldDesignator=C?1 NewDesignator=C?
Change Component Designator: OldDesignator=C?2 NewDesignator=C?
Change Component Designator: OldDesignator=C?3 NewDesignator=C?
Change Component Designator: OldDesignator=C?4 NewDesignator=C?
Change Component Designator: OldDesignator=C?5 NewDesignator=C?
Change Component Designator: OldDesignator=C?6 NewDesignator=C?
Change Component Designator: OldDesignator=C?7 NewDesignator=C?
Change Component Designator: OldDesignator=C?8 NewDesignator=C?
Change Component Designator: OldDesignator=C?9 NewDesignator=C?
Change Component Designator: OldDesignator=C?10 NewDesignator=C?
Change Component Designator: OldDesignator=C?11 NewDesignator=C?
Change Component Designator: OldDesignator=C?12 NewDesignator=C?
Change Component Designator: OldDesignator=C?13 NewDesignator=C?
Change Component Designator: OldDesignator=C?14 NewDesignator=C?
Change Component Designator: OldDesignator=C?15 NewDesignator=C?
Change Component Designator: OldDesignator=C?16 NewDesignator=C?
Change Component Designator: OldDesignator=C?17 NewDesignator=C?
Change Component Designator: OldDesignator=C?18 NewDesignator=C?
Change Component Designator: OldDesignator=C?19 NewDesignator=C?
Change Component Designator: OldDesignator=C?20 NewDesignator=C?
Change Component Designator: OldDesignator=C?21 NewDesignator=C?
Change Component Designator: OldDesignator=C?22 NewDesignator=C?
Change Component Designator: OldDesignator=C?23 NewDesignator=C?
Change Component Designator: OldDesignator=C?24 NewDesignator=C?
Change Component Designator: OldDesignator=C?25 NewDesignator=C?
Change Component Designator: OldDesignator=C?26 NewDesignator=C?
Change Component Designator: OldDesignator=C?27 NewDesignator=C?
Change Component Designator: OldDesignator=C?28 NewDesignator=C?
Change Component Designator: OldDesignator=C?29 NewDesignator=C?
Change Component Designator: OldDesignator=C?30 NewDesignator=C?
Change Component Designator: OldDesignator=C?31 NewDesignator=C?
Change Component Designator: OldDesignator=C?32 NewDesignator=C?
Change Component Designator: OldDesignator=C?33 NewDesignator=C?
Change Component Designator: OldDesignator=C?34 NewDesignator=C?
Change Component Designator: OldDesignator=C?35 NewDesignator=C?
Change Component Designator: OldDesignator=C?36 NewDesignator=C?
Change Component Designator: OldDesignator=C?37 NewDesignator=C?
Change Component Designator: OldDesignator=C?38 NewDesignator=C?
Change Component Designator: OldDesignator=C?39 NewDesignator=C?
Change Component Designator: OldDesignator=C?40 NewDesignator=C?
Change Component Designator: OldDesignator=C?41 NewDesignator=C?
Change Component Designator: OldDesignator=C?42 NewDesignator=C?
Change Component Designator: OldDesignator=C?43 NewDesignator=C?
Change Component Designator: OldDesignator=C?44 NewDesignator=C?
Change Component Designator: OldDesignator=D1 NewDesignator=D5
Change Component Designator: OldDesignator=D2 NewDesignator=D6
Change Component Designator: OldDesignator=D3 NewDesignator=D1
Change Component Designator: OldDesignator=D4 NewDesignator=D13
Change Component Designator: OldDesignator=D5 NewDesignator=D14
Change Component Designator: OldDesignator=D6 NewDesignator=D7
Change Component Designator: OldDesignator=D7 NewDesignator=D4
Change Component Designator: OldDesignator=D8 NewDesignator=D12
Change Component Designator: OldDesignator=D9 NewDesignator=D8
Change Component Designator: OldDesignator=D10 NewDesignator=D11
Change Component Designator: OldDesignator=D11 NewDesignator=D10
Change Component Designator: OldDesignator=D12 NewDesignator=D9
Change Component Designator: OldDesignator=D13 NewDesignator=D3
Change Component Designator: OldDesignator=D14 NewDesignator=D2
Change Component Designator: OldDesignator=D?1 NewDesignator=D?
Change Component Designator: OldDesignator=D?2 NewDesignator=D?
Change Component Designator: OldDesignator=FB1 NewDesignator=FB3
Change Component Designator: OldDesignator=FB3 NewDesignator=FB5
Change Component Designator: OldDesignator=FB5 NewDesignator=FB1
Change Component Designator: OldDesignator=IC1 NewDesignator=IC6
Change Component Designator: OldDesignator=IC3 NewDesignator=IC1
Change Component Designator: OldDesignator=IC5 NewDesignator=IC14
Change Component Designator: OldDesignator=IC6 NewDesignator=IC10
Change Component Designator: OldDesignator=IC7 NewDesignator=IC24
Change Component Designator: OldDesignator=IC8 NewDesignator=IC18
Change Component Designator: OldDesignator=IC9 NewDesignator=IC25
Change Component Designator: OldDesignator=IC10 NewDesignator=IC23
Change Component Designator: OldDesignator=IC11 NewDesignator=IC17
Change Component Designator: OldDesignator=IC12 NewDesignator=IC15
Change Component Designator: OldDesignator=IC13 NewDesignator=IC11
Change Component Designator: OldDesignator=IC14 NewDesignator=IC3
Change Component Designator: OldDesignator=IC15 NewDesignator=IC22
Change Component Designator: OldDesignator=IC16 NewDesignator=IC13
Change Component Designator: OldDesignator=IC17 NewDesignator=IC21
Change Component Designator: OldDesignator=IC18 NewDesignator=IC12
Change Component Designator: OldDesignator=IC19 NewDesignator=IC20
Change Component Designator: OldDesignator=IC20 NewDesignator=IC19
Change Component Designator: OldDesignator=IC21 NewDesignator=IC5
Change Component Designator: OldDesignator=IC?1 NewDesignator=IC?
Change Component Designator: OldDesignator=IC?2 NewDesignator=IC?
Change Component Designator: OldDesignator=IC?3 NewDesignator=IC?
Change Component Designator: OldDesignator=IC?4 NewDesignator=IC?
Change Component Designator: OldDesignator=IC?5 NewDesignator=IC?
Change Component Designator: OldDesignator=J1 NewDesignator=J10
Change Component Designator: OldDesignator=J2 NewDesignator=J9
Change Component Designator: OldDesignator=J4 NewDesignator=J2
Change Component Designator: OldDesignator=J5 NewDesignator=J4
Change Component Designator: OldDesignator=J6 NewDesignator=J7
Change Component Designator: OldDesignator=J7 NewDesignator=J1
Change Component Designator: OldDesignator=J8 NewDesignator=J5
Change Component Designator: OldDesignator=J9 NewDesignator=J6
Change Component Designator: OldDesignator=JP?1 NewDesignator=JP?
Change Component Designator: OldDesignator=JP?2 NewDesignator=JP?
Change Component Designator: OldDesignator=JP?3 NewDesignator=JP?
Change Component Designator: OldDesignator=JP?4 NewDesignator=JP?
Change Component Designator: OldDesignator=JP?5 NewDesignator=JP?
Change Component Designator: OldDesignator=JP?6 NewDesignator=JP?
Change Component Designator: OldDesignator=JP?7 NewDesignator=JP?
Change Component Designator: OldDesignator=M1 NewDesignator=M6
Change Component Designator: OldDesignator=M2 NewDesignator=M4
Change Component Designator: OldDesignator=M3 NewDesignator=M1
Change Component Designator: OldDesignator=M4 NewDesignator=M3
Change Component Designator: OldDesignator=M6 NewDesignator=M2
Change Component Designator: OldDesignator=P1 NewDesignator=P6
Change Component Designator: OldDesignator=P2 NewDesignator=P7
Change Component Designator: OldDesignator=P3 NewDesignator=P2
Change Component Designator: OldDesignator=P6 NewDesignator=P3
Change Component Designator: OldDesignator=P7 NewDesignator=P1
Change Component Designator: OldDesignator=P?1 NewDesignator=P?
Change Component Designator: OldDesignator=P?2 NewDesignator=P?
Change Component Designator: OldDesignator=R1 NewDesignator=R52
Change Component Designator: OldDesignator=R2 NewDesignator=R53
Change Component Designator: OldDesignator=R3 NewDesignator=R12
Change Component Designator: OldDesignator=R5 NewDesignator=R28
Change Component Designator: OldDesignator=R6 NewDesignator=R32
Change Component Designator: OldDesignator=R7 NewDesignator=R5
Change Component Designator: OldDesignator=R8 NewDesignator=R31
Change Component Designator: OldDesignator=R9 NewDesignator=R30
Change Component Designator: OldDesignator=R10 NewDesignator=R25
Change Component Designator: OldDesignator=R11 NewDesignator=R26
Change Component Designator: OldDesignator=R12 NewDesignator=R29
Change Component Designator: OldDesignator=R13 NewDesignator=R27
Change Component Designator: OldDesignator=R14 NewDesignator=R3
Change Component Designator: OldDesignator=R15 NewDesignator=R2
Change Component Designator: OldDesignator=R16 NewDesignator=R1
Change Component Designator: OldDesignator=R17 NewDesignator=R7
Change Component Designator: OldDesignator=R18 NewDesignator=R6
Change Component Designator: OldDesignator=R19 NewDesignator=R67
Change Component Designator: OldDesignator=R20 NewDesignator=R75
Change Component Designator: OldDesignator=R21 NewDesignator=R35
Change Component Designator: OldDesignator=R22 NewDesignator=R38
Change Component Designator: OldDesignator=R23 NewDesignator=R44
Change Component Designator: OldDesignator=R24 NewDesignator=R54
Change Component Designator: OldDesignator=R25 NewDesignator=R42
Change Component Designator: OldDesignator=R26 NewDesignator=R64
Change Component Designator: OldDesignator=R27 NewDesignator=R39
Change Component Designator: OldDesignator=R28 NewDesignator=R76
Change Component Designator: OldDesignator=R29 NewDesignator=R80
Change Component Designator: OldDesignator=R30 NewDesignator=R66
Change Component Designator: OldDesignator=R31 NewDesignator=R37
Change Component Designator: OldDesignator=R32 NewDesignator=R34
Change Component Designator: OldDesignator=R33 NewDesignator=R45
Change Component Designator: OldDesignator=R34 NewDesignator=R55
Change Component Designator: OldDesignator=R35 NewDesignator=R65
Change Component Designator: OldDesignator=R36 NewDesignator=R77
Change Component Designator: OldDesignator=R37 NewDesignator=R81
Change Component Designator: OldDesignator=R38 NewDesignator=R24
Change Component Designator: OldDesignator=R39 NewDesignator=R56
Change Component Designator: OldDesignator=R40 NewDesignator=R41
Change Component Designator: OldDesignator=R41 NewDesignator=R82
Change Component Designator: OldDesignator=R42 NewDesignator=R79
Change Component Designator: OldDesignator=R43 NewDesignator=R40
Change Component Designator: OldDesignator=R44 NewDesignator=R78
Change Component Designator: OldDesignator=R45 NewDesignator=R72
Change Component Designator: OldDesignator=R46 NewDesignator=R23
Change Component Designator: OldDesignator=R47 NewDesignator=R22
Change Component Designator: OldDesignator=R48 NewDesignator=R71
Change Component Designator: OldDesignator=R49 NewDesignator=R63
Change Component Designator: OldDesignator=R50 NewDesignator=R21
Change Component Designator: OldDesignator=R52 NewDesignator=R62
Change Component Designator: OldDesignator=R53 NewDesignator=R70
Change Component Designator: OldDesignator=R54 NewDesignator=R69
Change Component Designator: OldDesignator=R55 NewDesignator=R61
Change Component Designator: OldDesignator=R56 NewDesignator=R68
Change Component Designator: OldDesignator=R57 NewDesignator=R60
Change Component Designator: OldDesignator=R58 NewDesignator=R18
Change Component Designator: OldDesignator=R59 NewDesignator=R19
Change Component Designator: OldDesignator=R60 NewDesignator=R50
Change Component Designator: OldDesignator=R61 NewDesignator=R59
Change Component Designator: OldDesignator=R62 NewDesignator=R20
Change Component Designator: OldDesignator=R63 NewDesignator=R49
Change Component Designator: OldDesignator=R64 NewDesignator=R58
Change Component Designator: OldDesignator=R65 NewDesignator=R16
Change Component Designator: OldDesignator=R66 NewDesignator=R57
Change Component Designator: OldDesignator=R67 NewDesignator=R17
Change Component Designator: OldDesignator=R68 NewDesignator=R48
Change Component Designator: OldDesignator=R69 NewDesignator=R11
Change Component Designator: OldDesignator=R70 NewDesignator=R47
Change Component Designator: OldDesignator=R71 NewDesignator=R15
Change Component Designator: OldDesignator=R72 NewDesignator=R46
Change Component Designator: OldDesignator=R73 NewDesignator=R14
Change Component Designator: OldDesignator=R74 NewDesignator=R10
Change Component Designator: OldDesignator=R75 NewDesignator=R9
Change Component Designator: OldDesignator=R76 NewDesignator=R43
Change Component Designator: OldDesignator=R?1 NewDesignator=R?
Change Component Designator: OldDesignator=R?2 NewDesignator=R?
Change Component Designator: OldDesignator=R?3 NewDesignator=R?
Change Component Designator: OldDesignator=R?4 NewDesignator=R?
Change Component Designator: OldDesignator=R?5 NewDesignator=R?
Change Component Designator: OldDesignator=R?6 NewDesignator=R?
Change Component Designator: OldDesignator=R?7 NewDesignator=R?
Change Component Designator: OldDesignator=R?8 NewDesignator=R?
Change Component Designator: OldDesignator=R?9 NewDesignator=R?
Change Component Designator: OldDesignator=R?10 NewDesignator=R?
Change Component Designator: OldDesignator=R?11 NewDesignator=R?
Change Component Designator: OldDesignator=R?12 NewDesignator=R?
Change Component Designator: OldDesignator=R?13 NewDesignator=R?
Change Component Designator: OldDesignator=R?14 NewDesignator=R?
Change Component Designator: OldDesignator=R?15 NewDesignator=R?
Change Component Designator: OldDesignator=RA1 NewDesignator=RA16
Change Component Designator: OldDesignator=RA2 NewDesignator=RA14
Change Component Designator: OldDesignator=RA3 NewDesignator=RA8
Change Component Designator: OldDesignator=RA4 NewDesignator=RA7
Change Component Designator: OldDesignator=RA5 NewDesignator=RA15
Change Component Designator: OldDesignator=RA6 NewDesignator=RA13
Change Component Designator: OldDesignator=RA7 NewDesignator=RA6
Change Component Designator: OldDesignator=RA8 NewDesignator=RA12
Change Component Designator: OldDesignator=RA9 NewDesignator=RA5
Change Component Designator: OldDesignator=RA10 NewDesignator=RA11
Change Component Designator: OldDesignator=RA11 NewDesignator=RA9
Change Component Designator: OldDesignator=RA12 NewDesignator=RA10
Change Component Designator: OldDesignator=RA13 NewDesignator=RA4
Change Component Designator: OldDesignator=RA14 NewDesignator=RA3
Change Component Designator: OldDesignator=RA15 NewDesignator=RA2
Change Component Designator: OldDesignator=RA16 NewDesignator=RA1
Change Component Designator: OldDesignator=SCRW1 NewDesignator=SCRW6
Change Component Designator: OldDesignator=SCRW3 NewDesignator=SCRW4
Change Component Designator: OldDesignator=SCRW4 NewDesignator=SCRW5
Change Component Designator: OldDesignator=SCRW5 NewDesignator=SCRW3
Change Component Designator: OldDesignator=SCRW6 NewDesignator=SCRW1
Change Component Designator: OldDesignator=SW?1 NewDesignator=SW?
Change Component Designator: OldDesignator=TP1 NewDesignator=TP4
Change Component Designator: OldDesignator=TP2 NewDesignator=TP3
Change Component Designator: OldDesignator=TP3 NewDesignator=TP2
Change Component Designator: OldDesignator=TP4 NewDesignator=TP1
Change Component Designator: OldDesignator=U1 NewDesignator=U12
Change Component Designator: OldDesignator=U2 NewDesignator=U3
Change Component Designator: OldDesignator=U3 NewDesignator=U4
Change Component Designator: OldDesignator=U4 NewDesignator=U14
Change Component Designator: OldDesignator=U5 NewDesignator=U1
Change Component Designator: OldDesignator=U6 NewDesignator=U2
Change Component Designator: OldDesignator=U7 NewDesignator=U8
Change Component Designator: OldDesignator=U8 NewDesignator=U11
Change Component Designator: OldDesignator=U9 NewDesignator=U7
Change Component Designator: OldDesignator=U10 NewDesignator=U6
Change Component Designator: OldDesignator=U11 NewDesignator=U10
Change Component Designator: OldDesignator=U12 NewDesignator=U9
Change Component Designator: OldDesignator=U13 NewDesignator=U16
Change Component Designator: OldDesignator=U14 NewDesignator=U15
Change Component Designator: OldDesignator=U15 NewDesignator=U13
Change Component Designator: OldDesignator=U16 NewDesignator=U5
Change Component Designator: OldDesignator=U?1 NewDesignator=U?
Change Component Designator: OldDesignator=U?2 NewDesignator=U?
Change Component Designator: OldDesignator=X1 NewDesignator=X5
Change Component Designator: OldDesignator=X2 NewDesignator=X3
Change Component Designator: OldDesignator=X3 NewDesignator=X4
Change Component Designator: OldDesignator=X4 NewDesignator=X2
Change Component Designator: OldDesignator=X5 NewDesignator=X1
Add Component: Footprint Not Found SOP65P640X120-14N
Add Component: Footprint Not Found SOP65P640X120-14N
Add Component: Footprint Not Found SOP65P640X120-14N
Added Pin To Net: NetName=GND_ISO Pin=IC13-7
Added Pin To Net: NetName=Current_Measurement_2_in- Pin=IC13-14
Added Pin To Net: NetName=GND_ISO Pin=IC14-7
Added Pin To Net: NetName=Current_Measurement_2_in- Pin=IC14-14
Added Pin To Net: NetName=GND_ISO Pin=IC15-7
Added Pin To Net: NetName=Current_Measurement_2_in- Pin=IC15-14
Added Pin To Net: NetName=NetIC21_5 Pin=IC21-5
Added Pin To Net: NetName=NetIC21_6 Pin=IC21-6
Added Pin To Net: NetName=GPO2_OUT Pin=IC22-5
Added Pin To Net: NetName=GPO3_OUT Pin=IC22-6
Add Pin To Net: Unknown Pin: Pin M3-1
Add Net: Net with name "NetC?_1" already exists
Add Net: Net with name "NetC?_1" already exists
Add Net: Net with name "NetC?_2" already exists
Add Net: Net with name "NetC?_2" already exists
Add Net: Net with name "NetC?_2" already exists
Add Net: Net with name "NetC?_2" already exists
Add Net: Net with name "NetC?_2" already exists
Added Member To Class: ClassName=AUX Power Member=Component C1 (C19) 1uF
Added Member To Class: ClassName=Main Power Member=Component C5 (C12) Capacitor Tantalum SMD
Added Member To Class: ClassName=Main Power Member=Component C8 (C6) Capacitor Tantalum SMD
Added Member To Class: ClassName=Main Power Member=Component C14 (C16) 0.1uF
Added Member To Class: ClassName=Main Power Member=Component C15 (C1) 10uF
Added Member To Class: ClassName=Power Switch Member=Component C17 (C21) 100nF
Added Member To Class: ClassName=MCU 1 Member=Component C25 (C35) 4.7uF
Added Member To Class: ClassName=MCU 1 Member=Component C29 (C39) 4.7uF
Added Member To Class: ClassName=USB HUB Member=Component C39 (C62) 100nF
Added Member To Class: ClassName=USB HUB Member=Component C40 (C66) 30PF
Added Member To Class: ClassName=USB HUB Member=Component C41 (C64) 0.1uF
Added Member To Class: ClassName=USB HUB Member=Component C42 (C55) 100nF
Added Member To Class: ClassName=USB HUB Member=Component C46 (C54) 100nF
Added Member To Class: ClassName=USB HUB Member=Component C48 (C58) 100nF
Added Member To Class: ClassName=USB HUB Member=Component C49 (C59) 100nF
Added Member To Class: ClassName=BIT(Built in Test) Member=Component C53 (C69) 100nF
Added Member To Class: ClassName=BIT(Built in Test) Member=Component C55 (C75) 100nF
Added Member To Class: ClassName=RS232 Member=Component C60 (C76) 0.1uF-16V
Added Member To Class: ClassName=RS232 Member=Component C62 (C80) 0.1uF-10V
Added Member To Class: ClassName=RS232 Member=Component C64 (C78) 0.1uF-16V
Added Member To Class: ClassName=RS232 Member=Component C65 (C77) 0.1uF-16V
Added Member To Class: ClassName=RS485 Member=Component C68 (C87) 100nF
Added Member To Class: ClassName=RS485 Member=Component C71 (C84) 10uF
Added Member To Class: ClassName=RS485 Member=Component C72 (C86) 100nF
Added Member To Class: ClassName=Isolators Member=Component C75 (C93) 100nF
Added Member To Class: ClassName=Isolators Member=Component C81 (C96) 100nF
Added Member To Class: ClassName=FT2232HL_IN Member=Component C89 (C120) 100nF
Added Member To Class: ClassName=FT2232HL_IN Member=Component C92 (C113) 100nF
Added Member To Class: ClassName=FT2232HL_IN Member=Component C94 (C115) 100nF
Added Member To Class: ClassName=FT2232HL_OUT Member=Component C98 (C135) 4.7uF
Added Member To Class: ClassName=FT2232HL_OUT Member=Component C102 (C137) 30PF
Added Member To Class: ClassName=FT2232HL_OUT Member=Component C105 (C130) 100nF
Added Member To Class: ClassName=MCU 1 Member=Component C119 (C48) 100nF
Added Member To Class: ClassName=Audio Codec Member=Component C? (C109) 0.1uF/6.3V
Added Member To Class: ClassName=Audio Codec Member=Component C? (C107) Capacitor Tantalum SMD
Added Member To Class: ClassName=Audio Codec Member=Component C? (C106) 0.1uF/6.3V
Added Member To Class: ClassName=Audio Codec Member=Component C? (C99) 2.2uF/6.3V
Added Member To Class: ClassName=Audio Codec Member=Component C? (C103) 0.1uF/6.3V
Added Member To Class: ClassName=Audio Codec Member=Component C? (C98) 2.2uF/6.3V
Added Member To Class: ClassName=Audio Codec Member=Component C? (C101) 2.2uF/6.3V
Added Member To Class: ClassName=Audio Codec Member=Component C? (C111) 0.1uF/6.3V
Added Member To Class: ClassName=Audio Codec Member=Component C? (C108) Capacitor Tantalum SMD
Added Member To Class: ClassName=Audio Codec Member=Component C? (C100) 2.2uF/6.3V
Added Member To Class: ClassName=Audio Codec Member=Component C? (C102) 2.2uF
Added Member To Class: ClassName=Audio Codec Member=Component C? (C110) 4.7uF/6.3V
Added Member To Class: ClassName=Audio Codec Member=Component C? (C104) 2.2uF/6.3V
Added Member To Class: ClassName=Audio Codec Member=Component C? (C105) Capacitor Tantalum SMD
Added Member To Class: ClassName=Main Power Member=Component C? (C11) 10uF
Added Member To Class: ClassName=Main Power Member=Component C? (C8) 10uF
Added Member To Class: ClassName=Main Power Member=Component C? (C15) 0.1uF
Added Member To Class: ClassName=Main Power Member=Component C? (C17) 0.1uF
Added Member To Class: ClassName=MCU 1 Member=Component C? (C49) 100nF
Added Member To Class: ClassName=MCU Sup Member=Component C? (C151) 100nF
Added Member To Class: ClassName=MCU Sup Member=Component C? (C160) 100nF
Added Member To Class: ClassName=MCU Sup Member=Component C? (C152) 4.7uF
Added Member To Class: ClassName=MCU Sup Member=Component C? (C153) 100nF
Added Member To Class: ClassName=MCU Sup Member=Component C? (C156) ?uF
Added Member To Class: ClassName=MCU Sup Member=Component C? (C159) 100nF
Added Member To Class: ClassName=MCU Sup Member=Component C? (C154) 4.7uF
Added Member To Class: ClassName=MCU Sup Member=Component C? (C157) ?nF
Added Member To Class: ClassName=MCU Sup Member=Component C? (C158) 2.2uF
Added Member To Class: ClassName=MCU Sup Member=Component C? (C155) =VALUE
Added Member To Class: ClassName=MCU Sup Member=Component C? (C150) 4.7uF
Added Member To Class: ClassName=Power Switch Member=Component C? (C31) 100nF
Added Member To Class: ClassName=Power Switch Member=Component C? (C29) 100nF
Added Member To Class: ClassName=Power Switch Member=Component C? (C26) 100nF
Added Member To Class: ClassName=Power Switch Member=Component C? (C27) 100nF
Added Member To Class: ClassName=Power Switch Member=Component C? (C23) 100nF
Added Member To Class: ClassName=Power Switch Member=Component C? (C25) 100nF
Added Member To Class: ClassName=Power Switch Member=Component C? (C22) 100nF
Added Member To Class: ClassName=Power Switch Member=Component C? (C24) 100nF
Added Member To Class: ClassName=Power Switch Member=Component C? (C28) 100nF
Added Member To Class: ClassName=Power Switch Member=Component C? (C30) 100nF
Added Member To Class: ClassName=SD CARD  Member=Component C? (C147) Capacitor C SMD 0603
Added Member To Class: ClassName=SD CARD  Member=Component C? (C148) Capacitor C SMD 0603
Added Member To Class: ClassName=SD CARD  Member=Component C? (C146) Capacitor C SMD 0603
Added Member To Class: ClassName=Main Power Member=Component D5 (D2) SS24F
Added Member To Class: ClassName=Main Power Member=Component D6 (D4) SS24F
Added Member To Class: ClassName=Main Power Member=Component D7 (D3) SS24F
Added Member To Class: ClassName=FT2232HL_OUT Member=Component D12 (D16) TVS603
Added Member To Class: ClassName=FT2232HL_IN Member=Component D13 (D11) LED603RED
Added Member To Class: ClassName=FT2232HL_OUT Member=Component D14 LED603RED
Added Member To Class: ClassName=Main Power Member=Component D? (D5) SS24F
Added Member To Class: ClassName=RS485 Member=Component FB3 (FB2) 600R / 0.5A
Added Member To Class: ClassName=Main Power Member=Component IC1 (IC2) LF33CDT
Added Member To Class: ClassName=Main Power Member=Component IC3 (IC5) MCP1700T-3302E_TT_1
Added Member To Class: ClassName=RS485 Member=Component IC6 (IC12) ADM2587EBRWZ
Added Member To Class: ClassName=Display  Member=Component IC13 SN74AHCT04PWR_1
Added Member To Class: ClassName=Display  Member=Component IC14 SN74AHCT04PWR_1
Added Member To Class: ClassName=Display  Member=Component IC15 SN74AHCT04PWR_1
Added Member To Class: ClassName=Isolators Member=Component IC15 (IC20) ADUM1400BRWZ-RL
Added Member To Class: ClassName=Mode Switch Member=Component IC18 (IC23) TMUX1134PWR
Added Member To Class: ClassName=Level Shifting Member=Component IC20 (IC27) SN74LVC8T245DBQR
Added Member To Class: ClassName=Level Shifting Member=Component IC21 (IC28) SN74LVC8T245DBQR
Added Member To Class: ClassName=Level Shifting Member=Component IC22 (IC26) SN74LVC8T245DBQR
Added Member To Class: ClassName=Audio Codec Member=Component IC? (IC22) ALC5651-CGT
Added Member To Class: ClassName=Main Power Member=Component IC? (IC6) MCP1700T-3302E_TT_1
Added Member To Class: ClassName=Power Switch Member=Component IC? (IC9) TPS2116DRLR
Added Member To Class: ClassName=Power Switch Member=Component IC? (IC7) TPS2121RUXR
Added Member To Class: ClassName=Terminals Member=Component J2 (J5) Right Angel SMA
Added Member To Class: ClassName=Terminals Member=Component J5 (J2) Right Angel SMA
Added Member To Class: ClassName=Terminals Member=Component J7 DC_POWER_JACK
Added Member To Class: ClassName=Audio Codec Member=Component JP? (JP6) JMPSOLDER
Added Member To Class: ClassName=Audio Codec Member=Component JP? (JP5) JMPSOLDER
Added Member To Class: ClassName=MCU 1 Member=Component JP? (JP1) JMPSOLDER
Added Member To Class: ClassName=MCU Sup Member=Component JP? (JP7) JMPSOLDER
Added Member To Class: ClassName=RS232 Member=Component JP? (JP3) JMPSOLDER
Added Member To Class: ClassName=RS485 Member=Component JP? (JP4) JMPSOLDER
Added Member To Class: ClassName=screw and Hole Member=Component M3 (M4) DNP/MH
Added Member To Class: ClassName=screw and Hole Member=Component M4 (M3) DNP/MH
Added Member To Class: ClassName=screw and Hole Member=Component M6 (M1) DNP/MH
Added Member To Class: ClassName=Terminals Member=Component P2 (P3) DSUB_25RF
Added Member To Class: ClassName=Terminals Member=Component P3 (P5) DSUB_25RF
Added Member To Class: ClassName=MCU 1 Member=Component P6 Header 3
Added Member To Class: ClassName=MCU Sup Member=Component P? (P9) Header 2x3
Added Member To Class: ClassName=AUX Power Member=Component R1 (R5) 1K
Added Member To Class: ClassName=Main Power Member=Component R2 (R4) 30m
Added Member To Class: ClassName=Main Power Member=Component R3 30m
Added Member To Class: ClassName=Power Switch Member=Component R6 (R7) 10K
Added Member To Class: ClassName=USB HUB Member=Component R15 (R32) 1M
Added Member To Class: ClassName=USB HUB Member=Component R18 (R25) 100K
Added Member To Class: ClassName=USB HUB Member=Component R21 (R24) 100K
Added Member To Class: ClassName=USB HUB Member=Component R22 (R28) 100K
Added Member To Class: ClassName=USB HUB Member=Component R23 12.0k    1%
Added Member To Class: ClassName=USB HUB Member=Component R24 (R29) 100K
Added Member To Class: ClassName=BIT(Built in Test) Member=Component R25 (R36) 10R
Added Member To Class: ClassName=BIT(Built in Test) Member=Component R26 (R34) 10R
Added Member To Class: ClassName=RS232 Member=Component R35 (R41) 0E
Added Member To Class: ClassName=RS485 Member=Component R38 (R43) 10K
Added Member To Class: ClassName=Sync Out Member=Component R40 (R50) 143E
Added Member To Class: ClassName=FT2232HL_IN Member=Component R43 (R51) 0R
Added Member To Class: ClassName=FT2232HL_IN Member=Component R46 (R60) 10E
Added Member To Class: ClassName=FT2232HL_IN Member=Component R52 10K
Added Member To Class: ClassName=FT2232HL_OUT Member=Component R53 (R63) 0R
Added Member To Class: ClassName=FT2232HL_OUT Member=Component R54 (R68) 15K
Added Member To Class: ClassName=FT2232HL_OUT Member=Component R55 (R69) 15K
Added Member To Class: ClassName=FT2232HL_OUT Member=Component R57 (R75) 10E
Added Member To Class: ClassName=FT2232HL_OUT Member=Component R61 (R76) 12K
Added Member To Class: ClassName=USB_TTL Member=Component R66 (R79) 10K
Added Member To Class: ClassName=Level Shifting Member=Component R68 (R84) 10K
Added Member To Class: ClassName=Sync In Member=Component R75 (R47) 50E
Added Member To Class: ClassName=FT2232HL_OUT Member=Component R80 (R71) 10K
Added Member To Class: ClassName=Audio Codec Member=Component R? (R46) 10K
Added Member To Class: ClassName=MCU 1 Member=Component R? (R21) 10k
Added Member To Class: ClassName=MCU Sup Member=Component R? (R89) 10K
Added Member To Class: ClassName=MCU Sup Member=Component R? (R90) 10K
Added Member To Class: ClassName=MCU Sup Member=Component R? (R91) 10k
Added Member To Class: ClassName=Power Switch Member=Component R? (R8) 5K
Added Member To Class: ClassName=Power Switch Member=Component R? (R17) 10K
Added Member To Class: ClassName=Power Switch Member=Component R? (R15) 10K
Added Member To Class: ClassName=Power Switch Member=Component R? (R10) 5K
Added Member To Class: ClassName=Power Switch Member=Component R? (R9) 5K
Added Member To Class: ClassName=Power Switch Member=Component R? (R11) 5K
Added Member To Class: ClassName=Power Switch Member=Component R? (R14) 10K
Added Member To Class: ClassName=SD CARD  Member=Component R? (R87) 0
Added Member To Class: ClassName=SD CARD  Member=Component R? (R88) 470E
Added Member To Class: ClassName=Level Shifting Member=Component RA1 (RA2A) Film Res Pack
Added Member To Class: ClassName=Level Shifting Member=Component RA3 (RA10A) Film Res Pack
Added Member To Class: ClassName=Level Shifting Member=Component RA7 (RA12A) Film Res Pack
Added Member To Class: ClassName=Level Shifting Member=Component RA8 (RA14A) Film Res Pack
Added Member To Class: ClassName=Level Shifting Member=Component RA9 (RA7A) Film Res Pack
Added Member To Class: ClassName=Level Shifting Member=Component RA11 Film Res Pack
Added Member To Class: ClassName=Level Shifting Member=Component RA12 (RA13A) Film Res Pack
Added Member To Class: ClassName=Level Shifting Member=Component RA13 (RA3A) Film Res Pack
Added Member To Class: ClassName=Level Shifting Member=Component RA14 (RA7A) Film Res Pack
Added Member To Class: ClassName=Level Shifting Member=Component RA16 (RA15A) Film Res Pack
Added Member To Class: ClassName=screw and Hole Member=Component SCRW3 (SCRW4) SCREW
Added Member To Class: ClassName=screw and Hole Member=Component SCRW5 (SCRW2) SCREW
Added Member To Class: ClassName=screw and Hole Member=Component SCRW6 (SCRW1) SCREW
Added Member To Class: ClassName=Test Points Member=Component TP3 (TP2) TESTPOINT_PROBE
Added Member To Class: ClassName=Test Points Member=Component TP4 (TP1) TESTPOINT_PROBE
Added Member To Class: ClassName=Main Power Member=Component U2 (U1) MJWI10-24S05
Added Member To Class: ClassName=MCU 1 Member=Component U3 STM32H7B0VBT6
Added Member To Class: ClassName=FT2232HL_IN Member=Component U13 AT93C46
Added Member To Class: ClassName=FT2232HL_OUT Member=Component U15 AT93C46
Added Member To Class: ClassName=MCU Sup Member=Component U? (U18) STM32F103
Added Member To Class: ClassName=FT2232HL_OUT Member=Component X4 XTL_12MHz
