Add Component: Footprint Not Found SOP65P640X120-14N
Add Component: Footprint Not Found SOP65P640X120-14N
Add Component: Footprint Not Found SOP65P640X120-14N
Add Component: Footprint Not Found QFN40P500X500X90-41N-D
Add Pin To Net: Unknown Pin: Pin IC7-1
Add Pin To Net: Unknown Pin: Pin IC7-2
Add Pin To Net: Unknown Pin: Pin IC7-3
Add Pin To Net: Unknown Pin: Pin IC7-4
Add Pin To Net: Unknown Pin: Pin IC7-5
Add Pin To Net: Unknown Pin: Pin IC7-6
Add Pin To Net: Unknown Pin: Pin IC7-7
Add Pin To Net: Unknown Pin: Pin IC7-8
Add Pin To Net: Unknown Pin: Pin IC7-9
Add Pin To Net: Unknown Pin: Pin IC7-10
Add Pin To Net: Unknown Pin: Pin IC7-11
Add Pin To Net: Unknown Pin: Pin IC7-12
Add Pin To Net: Unknown Pin: Pin IC7-13
Add Pin To Net: Unknown Pin: Pin IC7-14
Add Pin To Net: Unknown Pin: Pin IC8-1
Add Pin To Net: Unknown Pin: Pin IC8-2
Add Pin To Net: Unknown Pin: Pin IC8-3
Add Pin To Net: Unknown Pin: Pin IC8-4
Add Pin To Net: Unknown Pin: Pin IC8-5
Add Pin To Net: Unknown Pin: Pin IC8-6
Add Pin To Net: Unknown Pin: Pin IC8-7
Add Pin To Net: Unknown Pin: Pin IC8-8
Add Pin To Net: Unknown Pin: Pin IC8-9
Add Pin To Net: Unknown Pin: Pin IC8-10
Add Pin To Net: Unknown Pin: Pin IC8-11
Add Pin To Net: Unknown Pin: Pin IC8-12
Add Pin To Net: Unknown Pin: Pin IC8-13
Add Pin To Net: Unknown Pin: Pin IC8-14
Add Pin To Net: Unknown Pin: Pin IC9-1
Add Pin To Net: Unknown Pin: Pin IC9-2
Add Pin To Net: Unknown Pin: Pin IC9-3
Add Pin To Net: Unknown Pin: Pin IC9-4
Add Pin To Net: Unknown Pin: Pin IC9-5
Add Pin To Net: Unknown Pin: Pin IC9-6
Add Pin To Net: Unknown Pin: Pin IC9-7
Add Pin To Net: Unknown Pin: Pin IC9-8
Add Pin To Net: Unknown Pin: Pin IC9-9
Add Pin To Net: Unknown Pin: Pin IC9-14
Add Pin To Net: Unknown Pin: Pin M3-1
Add Class Member: Failed to add class member : Component IC7 SN74AHCT04PWR_1
Add Class Member: Failed to add class member : Component IC8 SN74AHCT04PWR_1
Add Class Member: Failed to add class member : Component IC9 SN74AHCT04PWR_1
Add Class Member: Failed to add class member : Component IC16 ALC5651-CGT
