Removed Pin From Net: NetName=GND_ISO Pin=IC13-7
Removed Pin From Net: NetName=Current_Measurement_2_in- Pin=IC13-14
Add Component: Footprint Not Found SOP65P640X120-14N
Add Component: Footprint Not Found SOP65P640X120-14N
Add Component: Footprint Not Found SOP65P640X120-14N
Add Pin To Net: Unknown Pin: Pin IC3-7
Add Pin To Net: Unknown Pin: Pin IC3-14
Add Pin To Net: Unknown Pin: Pin IC8-7
Add Pin To Net: Unknown Pin: Pin IC8-14
Added Pin To Net: NetName=GND_ISO Pin=IC13-7
Added Pin To Net: NetName=Current_Measurement_2_in- Pin=IC13-14
Added Pin To Net: NetName=GPO4_OUT Pin=IC13-14
Added Pin To Net: NetName=Power Switch_ISO Pin=IC21-5
Added Pin To Net: NetName=Power Switch_ISO Pin=IC21-6
Added Pin To Net: NetName=Power Switch_ISO Pin=IC22-5
Added Pin To Net: NetName=Power Switch_ISO Pin=IC22-6
Add Pin To Net: Unknown Pin: Pin M3-1
Add Net: Net with name "NetC?_1" already exists
Add Net: Net with name "NetC?_1" already exists
Add Net: Net with name "NetC?_2" already exists
Add Net: Net with name "NetC?_2" already exists
Add Net: Net with name "NetC?_2" already exists
Add Net: Net with name "NetC?_2" already exists
Add Net: Net with name "NetC?_2" already exists
Change Class Name : Old Net Name=SD CARD  New Net Name=MCU Sup
Added Class: Name=SD CARD 
Added Member To Class: ClassName=Audio Codec Member=Component C? (C91) 0.1uF/6.3V
Added Member To Class: ClassName=Audio Codec Member=Component C? (C93) 2.2uF/6.3V
Added Member To Class: ClassName=Audio Codec Member=Component C? (C95) 2.2uF
Added Member To Class: ClassName=Audio Codec Member=Component C? (C40) Capacitor Tantalum SMD
Added Member To Class: ClassName=Audio Codec Member=Component C? (C69) Capacitor Tantalum SMD
Added Member To Class: ClassName=Audio Codec Member=Component C? (C23) 0.1uF/6.3V
Added Member To Class: ClassName=Audio Codec Member=Component C? (C75) 0.1uF/6.3V
Added Member To Class: ClassName=Audio Codec Member=Component C? (C17) 4.7uF/6.3V
Added Member To Class: ClassName=Audio Codec Member=Component C? (C49) 2.2uF/6.3V
Added Member To Class: ClassName=Audio Codec Member=Component C? (C44) 2.2uF/6.3V
Added Member To Class: ClassName=Audio Codec Member=Component C? (C61) 2.2uF/6.3V
Added Member To Class: ClassName=Audio Codec Member=Component C? (C31) Capacitor Tantalum SMD
Added Member To Class: ClassName=Audio Codec Member=Component C? (C55) 2.2uF/6.3V
Added Member To Class: ClassName=Main Power Member=Component C? (C46) 10uF
Added Member To Class: ClassName=Main Power Member=Component C? (C38) 0.1uF
Added Member To Class: ClassName=Main Power Member=Component C? (C104) 0.1uF
Added Member To Class: ClassName=Power Switch Member=Component C? (C19) 100nF
Added Member To Class: ClassName=Power Switch Member=Component C? (C63) 100nF
Added Member To Class: ClassName=Power Switch Member=Component C? (C66) 100nF
Added Member To Class: ClassName=Power Switch Member=Component C? (C25) 100nF
Added Member To Class: ClassName=Power Switch Member=Component C? (C32) 100nF
Added Member To Class: ClassName=Power Switch Member=Component C? (C47) 100nF
Added Member To Class: ClassName=Power Switch Member=Component C? (C41) 100nF
Added Member To Class: ClassName=Power Switch Member=Component C? (C87) 100nF
Added Member To Class: ClassName=Power Switch Member=Component C? (C54) 100nF
Added Member To Class: ClassName=MCU Sup Member=Component C? (C157) ?uF
Added Member To Class: ClassName=MCU Sup Member=Component C? (C155) 4.7uF
Added Member To Class: ClassName=MCU Sup Member=Component C? (C154) 100nF
Added Member To Class: ClassName=MCU Sup Member=Component C? (C159) 2.2uF
Added Member To Class: ClassName=MCU Sup Member=Component C? (C160) 100nF
Added Member To Class: ClassName=MCU Sup Member=Component C? (C158) ?nF
Added Member To Class: ClassName=MCU Sup Member=Component C? (C150) 1uF
Added Member To Class: ClassName=MCU Sup Member=Component C? (C151) 4.7uF
Added Member To Class: ClassName=MCU Sup Member=Component C? (C153) 4.7uF
Added Member To Class: ClassName=MCU Sup Member=Component C? (C152) 100nF
Added Member To Class: ClassName=MCU Sup Member=Component C? (C156) =VALUE
Added Member To Class: ClassName=Main Power Member=Component D? (D6) SS24F
Add Class Member: Failed to add class member : Component IC8 SN74AHCT04PWR_1
Added Member To Class: ClassName=Main Power Member=Component IC? (IC18) LD1117S18CTR
Added Member To Class: ClassName=Power Switch Member=Component IC? (IC9) TPS2121RUXR
Added Member To Class: ClassName=Audio Codec Member=Component JP? (JP6) JMPSOLDER
Added Member To Class: ClassName=MCU Sup Member=Component JP? (JP7) JMPSOLDER
Added Member To Class: ClassName=Audio Codec Member=Component R? (R65) 10K
Added Member To Class: ClassName=Power Switch Member=Component R? (R64) 10K
Added Member To Class: ClassName=Power Switch Member=Component R? (R60) 5K
Added Member To Class: ClassName=Power Switch Member=Component R? (R58) 5K
Added Member To Class: ClassName=Power Switch Member=Component R? (R56) 10K
Added Member To Class: ClassName=Power Switch Member=Component R? (R68) 5K
Added Member To Class: ClassName=Power Switch Member=Component R? (R69) 5K
Added Member To Class: ClassName=MCU Sup Member=Component R? (R90) 10K
Added Member To Class: ClassName=MCU Sup Member=Component R? (R91) 10K
Added Member To Class: ClassName=Level Shifting Member=Component RA5 (RA2A) Film Res Pack
Added Member To Class: ClassName=Level Shifting Member=Component RA14 (RA16A) Film Res Pack
Added Member To Class: ClassName=MCU Sup Member=Component SW? (SW1) PUSHBUTTON
