Change Component Designator: Old Designator=C54 New Designator=C108
Change Component Designator: Old Designator=C55 New Designator=C111
Change Component Designator: Old Designator=C56 New Designator=C102
Change Component Designator: Old Designator=C57 New Designator=C110
Change Component Designator: Old Designator=C58 New Designator=C113
Change Component Designator: Old Designator=C59 New Designator=C112
Change Component Designator: Old Designator=C60 New Designator=C45
Change Component Designator: Old Designator=C61 New Designator=C58
Change Component Designator: Old Designator=C62 New Designator=C52
Change Component Designator: Old Designator=C63 New Designator=C37
Change Component Designator: Old Designator=C64 New Designator=C29
Change Component Designator: Old Designator=C65 New Designator=C24
Change Component Designator: Old Designator=C66 New Designator=C60
Change Component Designator: Old Designator=C67 New Designator=C64
Change Component Designator: Old Designator=D10 New Designator=D11
Change Component Designator: Old Designator=IC11 New Designator=IC9
Change Component Designator: Old Designator=R23 New Designator=R36
Change Component Designator: Old Designator=R24 New Designator=R28
Change Component Designator: Old Designator=R25 New Designator=R7
Change Component Designator: Old Designator=R26 New Designator=R8
Change Component Designator: Old Designator=R27 New Designator=R10
Change Component Designator: Old Designator=R28 New Designator=R2
Change Component Designator: Old Designator=R29 New Designator=R9
Change Component Designator: Old Designator=R30 New Designator=R6
Change Component Designator: Old Designator=R31 New Designator=R5
Change Component Designator: Old Designator=R32 New Designator=R3
Change Component Designator: Old Designator=X2 New Designator=X3
